2020-04-19 07:30:24.101  INFO 2932 --- [main] c.y.einvoice.DataTransferApplication     : Starting DataTransferApplication on DESKTOP-MOP29AP with PID 2932 (E:\graduation\graduation-data-transfer\target\classes started by mi in E:\graduation\graduation-data-transfer)
2020-04-19 07:30:24.111  INFO 2932 --- [main] c.y.einvoice.DataTransferApplication     : No active profile set, falling back to default profiles: default
2020-04-19 07:30:25.247  WARN 2932 --- [main] o.m.s.mapper.ClassPathMapperScanner      : No MyBatis mapper was found in '[UserMapper]' package. Please check your configuration.
2020-04-19 07:30:26.032  INFO 2932 --- [main] o.s.b.w.embedded.tomcat.TomcatWebServer  : Tomcat initialized with port(s): 8066 (http)
2020-04-19 07:30:26.079  INFO 2932 --- [main] o.apache.catalina.core.StandardService   : Starting service [Tomcat]
2020-04-19 07:30:26.079  INFO 2932 --- [main] org.apache.catalina.core.StandardEngine  : Starting Servlet engine: [Apache Tomcat/9.0.21]
2020-04-19 07:30:26.239  INFO 2932 --- [main] o.a.c.c.C.[Tomcat].[localhost].[/]       : Initializing Spring embedded WebApplicationContext
2020-04-19 07:30:26.239  INFO 2932 --- [main] o.s.web.context.ContextLoader            : Root WebApplicationContext: initialization completed in 2027 ms
2020-04-19 07:30:26.356  INFO 2932 --- [main] com.zaxxer.hikari.HikariDataSource       : HikariPool-1 - Starting...
2020-04-19 07:30:26.358  WARN 2932 --- [main] com.zaxxer.hikari.util.DriverDataSource  : Registered driver with driverClassName=com.mysql.jdbc.Driver was not found, trying direct instantiation.
2020-04-19 07:30:26.529  INFO 2932 --- [main] com.zaxxer.hikari.HikariDataSource       : HikariPool-1 - Start completed.
2020-04-19 07:30:26.592  INFO 2932 --- [main] org.quartz.impl.StdSchedulerFactory      : Using default implementation for ThreadExecutor
2020-04-19 07:30:26.604  INFO 2932 --- [main] org.quartz.core.SchedulerSignalerImpl    : Initialized Scheduler Signaller of type: class org.quartz.core.SchedulerSignalerImpl
2020-04-19 07:30:26.605  INFO 2932 --- [main] org.quartz.core.QuartzScheduler          : Quartz Scheduler v.2.3.1 created.
2020-04-19 07:30:26.605  INFO 2932 --- [main] org.quartz.simpl.RAMJobStore             : RAMJobStore initialized.
2020-04-19 07:30:26.606  INFO 2932 --- [main] org.quartz.core.QuartzScheduler          : Scheduler meta-data: Quartz Scheduler (v2.3.1) 'clusteredScheduler' with instanceId 'NON_CLUSTERED'
  Scheduler class: 'org.quartz.core.QuartzScheduler' - running locally.
  NOT STARTED.
  Currently in standby mode.
  Number of jobs executed: 0
  Using thread pool 'org.quartz.simpl.SimpleThreadPool' - with 10 threads.
  Using job-store 'org.quartz.simpl.RAMJobStore' - which does not support persistence. and is not clustered.

2020-04-19 07:30:26.606  INFO 2932 --- [main] org.quartz.impl.StdSchedulerFactory      : Quartz scheduler 'clusteredScheduler' initialized from an externally provided properties instance.
2020-04-19 07:30:26.607  INFO 2932 --- [main] org.quartz.impl.StdSchedulerFactory      : Quartz scheduler version: 2.3.1
2020-04-19 07:30:26.607  INFO 2932 --- [main] org.quartz.core.QuartzScheduler          : JobFactory set to: org.springframework.scheduling.quartz.SpringBeanJobFactory@42e22a53
2020-04-19 07:30:27.256  INFO 2932 --- [main] o.s.s.concurrent.ThreadPoolTaskExecutor  : Initializing ExecutorService 'applicationTaskExecutor'
2020-04-19 07:30:27.412  INFO 2932 --- [main] o.s.s.c.ThreadPoolTaskScheduler          : Initializing ExecutorService 'taskScheduler'
2020-04-19 07:30:27.488  INFO 2932 --- [main] o.s.s.quartz.SchedulerFactoryBean        : Starting Quartz Scheduler now
2020-04-19 07:30:27.488  INFO 2932 --- [main] org.quartz.core.QuartzScheduler          : Scheduler clusteredScheduler_$_NON_CLUSTERED started.
2020-04-19 07:30:27.521  INFO 2932 --- [main] o.s.b.w.embedded.tomcat.TomcatWebServer  : Tomcat started on port(s): 8066 (http) with context path ''
2020-04-19 07:30:27.524  INFO 2932 --- [main] c.y.einvoice.DataTransferApplication     : Started DataTransferApplication in 4.333 seconds (JVM running for 8.333)
2020-04-19 07:30:33.365  INFO 2932 --- [http-nio-8066-exec-1] o.a.c.c.C.[Tomcat].[localhost].[/]       : Initializing Spring DispatcherServlet 'dispatcherServlet'
2020-04-19 07:30:33.366  INFO 2932 --- [http-nio-8066-exec-1] o.s.web.servlet.DispatcherServlet        : Initializing Servlet 'dispatcherServlet'
2020-04-19 07:30:33.373  INFO 2932 --- [http-nio-8066-exec-1] o.s.web.servlet.DispatcherServlet        : Completed initialization in 7 ms
2020-04-21 10:48:34.829  INFO 12072 --- [main] com.einvoice.DataTransferApplication     : Starting DataTransferApplication on DESKTOP-MOP29AP with PID 12072 (E:\graduation\graduation-data-transfer\target\classes started by mi in E:\graduation\graduation-data-transfer)
2020-04-21 10:48:34.833  INFO 12072 --- [main] com.einvoice.DataTransferApplication     : No active profile set, falling back to default profiles: default
2020-04-21 10:48:35.418  WARN 12072 --- [main] o.m.s.mapper.ClassPathMapperScanner      : No MyBatis mapper was found in '[UserMapper]' package. Please check your configuration.
2020-04-21 10:48:36.120  INFO 12072 --- [main] o.s.b.w.embedded.tomcat.TomcatWebServer  : Tomcat initialized with port(s): 8066 (http)
2020-04-21 10:48:36.149  INFO 12072 --- [main] o.apache.catalina.core.StandardService   : Starting service [Tomcat]
2020-04-21 10:48:36.149  INFO 12072 --- [main] org.apache.catalina.core.StandardEngine  : Starting Servlet engine: [Apache Tomcat/9.0.21]
2020-04-21 10:48:36.292  INFO 12072 --- [main] o.a.c.c.C.[Tomcat].[localhost].[/]       : Initializing Spring embedded WebApplicationContext
2020-04-21 10:48:36.293  INFO 12072 --- [main] o.s.web.context.ContextLoader            : Root WebApplicationContext: initialization completed in 1408 ms
2020-04-21 10:48:36.408  INFO 12072 --- [main] com.zaxxer.hikari.HikariDataSource       : HikariPool-1 - Starting...
2020-04-21 10:48:36.410  WARN 12072 --- [main] com.zaxxer.hikari.util.DriverDataSource  : Registered driver with driverClassName=com.mysql.jdbc.Driver was not found, trying direct instantiation.
2020-04-21 10:48:36.589  INFO 12072 --- [main] com.zaxxer.hikari.HikariDataSource       : HikariPool-1 - Start completed.
2020-04-21 10:48:36.636  INFO 12072 --- [main] org.quartz.impl.StdSchedulerFactory      : Using default implementation for ThreadExecutor
2020-04-21 10:48:36.645  INFO 12072 --- [main] org.quartz.core.SchedulerSignalerImpl    : Initialized Scheduler Signaller of type: class org.quartz.core.SchedulerSignalerImpl
2020-04-21 10:48:36.646  INFO 12072 --- [main] org.quartz.core.QuartzScheduler          : Quartz Scheduler v.2.3.1 created.
2020-04-21 10:48:36.646  INFO 12072 --- [main] org.quartz.simpl.RAMJobStore             : RAMJobStore initialized.
2020-04-21 10:48:36.647  INFO 12072 --- [main] org.quartz.core.QuartzScheduler          : Scheduler meta-data: Quartz Scheduler (v2.3.1) 'clusteredScheduler' with instanceId 'NON_CLUSTERED'
  Scheduler class: 'org.quartz.core.QuartzScheduler' - running locally.
  NOT STARTED.
  Currently in standby mode.
  Number of jobs executed: 0
  Using thread pool 'org.quartz.simpl.SimpleThreadPool' - with 10 threads.
  Using job-store 'org.quartz.simpl.RAMJobStore' - which does not support persistence. and is not clustered.

2020-04-21 10:48:36.647  INFO 12072 --- [main] org.quartz.impl.StdSchedulerFactory      : Quartz scheduler 'clusteredScheduler' initialized from an externally provided properties instance.
2020-04-21 10:48:36.647  INFO 12072 --- [main] org.quartz.impl.StdSchedulerFactory      : Quartz scheduler version: 2.3.1
2020-04-21 10:48:36.647  INFO 12072 --- [main] org.quartz.core.QuartzScheduler          : JobFactory set to: org.springframework.scheduling.quartz.SpringBeanJobFactory@7e7f0f0a
2020-04-21 10:48:37.084  INFO 12072 --- [main] o.s.s.concurrent.ThreadPoolTaskExecutor  : Initializing ExecutorService 'applicationTaskExecutor'
2020-04-21 10:48:37.218  INFO 12072 --- [main] o.s.s.c.ThreadPoolTaskScheduler          : Initializing ExecutorService 'taskScheduler'
2020-04-21 10:48:37.255  INFO 12072 --- [main] o.s.s.quartz.SchedulerFactoryBean        : Starting Quartz Scheduler now
2020-04-21 10:48:37.255  INFO 12072 --- [main] org.quartz.core.QuartzScheduler          : Scheduler clusteredScheduler_$_NON_CLUSTERED started.
2020-04-21 10:48:37.287  INFO 12072 --- [main] o.s.b.w.embedded.tomcat.TomcatWebServer  : Tomcat started on port(s): 8066 (http) with context path ''
2020-04-21 10:48:37.290  INFO 12072 --- [main] com.einvoice.DataTransferApplication     : Started DataTransferApplication in 3.003 seconds (JVM running for 5.394)
2020-04-21 10:48:46.952  INFO 12072 --- [http-nio-8066-exec-1] o.a.c.c.C.[Tomcat].[localhost].[/]       : Initializing Spring DispatcherServlet 'dispatcherServlet'
2020-04-21 10:48:46.953  INFO 12072 --- [http-nio-8066-exec-1] o.s.web.servlet.DispatcherServlet        : Initializing Servlet 'dispatcherServlet'
2020-04-21 10:48:46.958  INFO 12072 --- [http-nio-8066-exec-1] o.s.web.servlet.DispatcherServlet        : Completed initialization in 5 ms
2020-04-21 10:48:51.177  INFO 12072 --- [http-nio-8066-exec-6] c.e.config.LoginHandlerInterceptor       : 15546531562登录
2020-04-21 10:50:30.837  INFO 11212 --- [main] com.einvoice.DataTransferApplication     : Starting DataTransferApplication on DESKTOP-MOP29AP with PID 11212 (E:\graduation\graduation-data-transfer\target\classes started by mi in E:\graduation\graduation-data-transfer)
2020-04-21 10:50:30.841  INFO 11212 --- [main] com.einvoice.DataTransferApplication     : No active profile set, falling back to default profiles: default
2020-04-21 10:50:31.444  WARN 11212 --- [main] o.m.s.mapper.ClassPathMapperScanner      : No MyBatis mapper was found in '[UserMapper]' package. Please check your configuration.
2020-04-21 10:50:32.165  INFO 11212 --- [main] o.s.b.w.embedded.tomcat.TomcatWebServer  : Tomcat initialized with port(s): 8066 (http)
2020-04-21 10:50:32.185  INFO 11212 --- [main] o.apache.catalina.core.StandardService   : Starting service [Tomcat]
2020-04-21 10:50:32.185  INFO 11212 --- [main] org.apache.catalina.core.StandardEngine  : Starting Servlet engine: [Apache Tomcat/9.0.21]
2020-04-21 10:50:32.323  INFO 11212 --- [main] o.a.c.c.C.[Tomcat].[localhost].[/]       : Initializing Spring embedded WebApplicationContext
2020-04-21 10:50:32.324  INFO 11212 --- [main] o.s.web.context.ContextLoader            : Root WebApplicationContext: initialization completed in 1419 ms
2020-04-21 10:50:32.451  INFO 11212 --- [main] com.zaxxer.hikari.HikariDataSource       : HikariPool-1 - Starting...
2020-04-21 10:50:32.453  WARN 11212 --- [main] com.zaxxer.hikari.util.DriverDataSource  : Registered driver with driverClassName=com.mysql.jdbc.Driver was not found, trying direct instantiation.
2020-04-21 10:50:32.560  INFO 11212 --- [main] com.zaxxer.hikari.HikariDataSource       : HikariPool-1 - Start completed.
2020-04-21 10:50:32.599  INFO 11212 --- [main] org.quartz.impl.StdSchedulerFactory      : Using default implementation for ThreadExecutor
2020-04-21 10:50:32.609  INFO 11212 --- [main] org.quartz.core.SchedulerSignalerImpl    : Initialized Scheduler Signaller of type: class org.quartz.core.SchedulerSignalerImpl
2020-04-21 10:50:32.609  INFO 11212 --- [main] org.quartz.core.QuartzScheduler          : Quartz Scheduler v.2.3.1 created.
2020-04-21 10:50:32.610  INFO 11212 --- [main] org.quartz.simpl.RAMJobStore             : RAMJobStore initialized.
2020-04-21 10:50:32.610  INFO 11212 --- [main] org.quartz.core.QuartzScheduler          : Scheduler meta-data: Quartz Scheduler (v2.3.1) 'clusteredScheduler' with instanceId 'NON_CLUSTERED'
  Scheduler class: 'org.quartz.core.QuartzScheduler' - running locally.
  NOT STARTED.
  Currently in standby mode.
  Number of jobs executed: 0
  Using thread pool 'org.quartz.simpl.SimpleThreadPool' - with 10 threads.
  Using job-store 'org.quartz.simpl.RAMJobStore' - which does not support persistence. and is not clustered.

2020-04-21 10:50:32.611  INFO 11212 --- [main] org.quartz.impl.StdSchedulerFactory      : Quartz scheduler 'clusteredScheduler' initialized from an externally provided properties instance.
2020-04-21 10:50:32.611  INFO 11212 --- [main] org.quartz.impl.StdSchedulerFactory      : Quartz scheduler version: 2.3.1
2020-04-21 10:50:32.611  INFO 11212 --- [main] org.quartz.core.QuartzScheduler          : JobFactory set to: org.springframework.scheduling.quartz.SpringBeanJobFactory@58399d82
2020-04-21 10:50:33.031  INFO 11212 --- [main] o.s.s.concurrent.ThreadPoolTaskExecutor  : Initializing ExecutorService 'applicationTaskExecutor'
2020-04-21 10:50:33.191  INFO 11212 --- [main] o.s.s.c.ThreadPoolTaskScheduler          : Initializing ExecutorService 'taskScheduler'
2020-04-21 10:50:33.230  INFO 11212 --- [main] o.s.s.quartz.SchedulerFactoryBean        : Starting Quartz Scheduler now
2020-04-21 10:50:33.230  INFO 11212 --- [main] org.quartz.core.QuartzScheduler          : Scheduler clusteredScheduler_$_NON_CLUSTERED started.
2020-04-21 10:50:33.260  INFO 11212 --- [main] o.s.b.w.embedded.tomcat.TomcatWebServer  : Tomcat started on port(s): 8066 (http) with context path ''
2020-04-21 10:50:33.262  INFO 11212 --- [main] com.einvoice.DataTransferApplication     : Started DataTransferApplication in 2.839 seconds (JVM running for 5.129)
2020-04-21 10:50:35.993  INFO 11212 --- [http-nio-8066-exec-1] o.a.c.c.C.[Tomcat].[localhost].[/]       : Initializing Spring DispatcherServlet 'dispatcherServlet'
2020-04-21 10:50:35.993  INFO 11212 --- [http-nio-8066-exec-1] o.s.web.servlet.DispatcherServlet        : Initializing Servlet 'dispatcherServlet'
2020-04-21 10:50:35.999  INFO 11212 --- [http-nio-8066-exec-1] o.s.web.servlet.DispatcherServlet        : Completed initialization in 6 ms
2020-04-21 10:50:43.102  INFO 11212 --- [http-nio-8066-exec-8] c.e.config.LoginHandlerInterceptor       : 15546531562登录
2020-04-21 10:50:48.343  INFO 11212 --- [http-nio-8066-exec-4] c.e.config.LoginHandlerInterceptor       : 15546531562登录
2020-04-21 10:50:56.735  INFO 11212 --- [http-nio-8066-exec-8] c.e.config.LoginHandlerInterceptor       : 15546531562登录
2020-04-21 10:50:56.736  INFO 11212 --- [http-nio-8066-exec-8] com.einvoice.timing.QuartzManager        : 暂停所有任务
2020-04-21 10:50:56.736  INFO 11212 --- [http-nio-8066-exec-8] c.e.controller.QuartzApiController       : 进行一次全量
2020-04-21 10:50:57.060  INFO 11212 --- [http-nio-8066-exec-8] com.einvoice.impl.DataxImpl              : 
2020-04-21 10:50:57.060  INFO 11212 --- [http-nio-8066-exec-8] com.einvoice.impl.DataxImpl              : DataX (DATAX-OPENSOURCE-3.0), From Alibaba !
2020-04-21 10:50:57.060  INFO 11212 --- [http-nio-8066-exec-8] com.einvoice.impl.DataxImpl              : Copyright (C) 2010-2017, Alibaba Group. All Rights Reserved.
2020-04-21 10:50:57.060  INFO 11212 --- [http-nio-8066-exec-8] com.einvoice.impl.DataxImpl              : 
2020-04-21 10:50:57.060  INFO 11212 --- [http-nio-8066-exec-8] com.einvoice.impl.DataxImpl              : 
2020-04-21 10:50:58.494  INFO 11212 --- [http-nio-8066-exec-8] com.einvoice.impl.DataxImpl              : 2020-04-21 10:50:58.492 [main] INFO  VMInfo - VMInfo# operatingSystem class => sun.management.OperatingSystemImpl
2020-04-21 10:50:58.501  INFO 11212 --- [http-nio-8066-exec-8] com.einvoice.impl.DataxImpl              : 2020-04-21 10:50:58.501 [main] INFO  Engine - the machine info  => 
2020-04-21 10:50:58.502  INFO 11212 --- [http-nio-8066-exec-8] com.einvoice.impl.DataxImpl              : 
2020-04-21 10:50:58.502  INFO 11212 --- [http-nio-8066-exec-8] com.einvoice.impl.DataxImpl              : 	osInfo:	Oracle Corporation 1.8 25.171-b11
2020-04-21 10:50:58.502  INFO 11212 --- [http-nio-8066-exec-8] com.einvoice.impl.DataxImpl              : 	jvmInfo:	Windows 10 amd64 10.0
2020-04-21 10:50:58.502  INFO 11212 --- [http-nio-8066-exec-8] com.einvoice.impl.DataxImpl              : 	cpu num:	12
2020-04-21 10:50:58.502  INFO 11212 --- [http-nio-8066-exec-8] com.einvoice.impl.DataxImpl              : 
2020-04-21 10:50:58.502  INFO 11212 --- [http-nio-8066-exec-8] com.einvoice.impl.DataxImpl              : 	totalPhysicalMemory:	-0.00G
2020-04-21 10:50:58.502  INFO 11212 --- [http-nio-8066-exec-8] com.einvoice.impl.DataxImpl              : 	freePhysicalMemory:	-0.00G
2020-04-21 10:50:58.502  INFO 11212 --- [http-nio-8066-exec-8] com.einvoice.impl.DataxImpl              : 	maxFileDescriptorCount:	-1
2020-04-21 10:50:58.502  INFO 11212 --- [http-nio-8066-exec-8] com.einvoice.impl.DataxImpl              : 	currentOpenFileDescriptorCount:	-1
2020-04-21 10:50:58.502  INFO 11212 --- [http-nio-8066-exec-8] com.einvoice.impl.DataxImpl              : 
2020-04-21 10:50:58.502  INFO 11212 --- [http-nio-8066-exec-8] com.einvoice.impl.DataxImpl              : 	GC Names	[PS MarkSweep, PS Scavenge]
2020-04-21 10:50:58.502  INFO 11212 --- [http-nio-8066-exec-8] com.einvoice.impl.DataxImpl              : 
2020-04-21 10:50:58.502  INFO 11212 --- [http-nio-8066-exec-8] com.einvoice.impl.DataxImpl              : 	MEMORY_NAME                    | allocation_size                | init_size                      
2020-04-21 10:50:58.502  INFO 11212 --- [http-nio-8066-exec-8] com.einvoice.impl.DataxImpl              : 	PS Eden Space                  | 256.00MB                       | 256.00MB                       
2020-04-21 10:50:58.502  INFO 11212 --- [http-nio-8066-exec-8] com.einvoice.impl.DataxImpl              : 	Code Cache                     | 240.00MB                       | 2.44MB                         
2020-04-21 10:50:58.502  INFO 11212 --- [http-nio-8066-exec-8] com.einvoice.impl.DataxImpl              : 	Compressed Class Space         | 1,024.00MB                     | 0.00MB                         
2020-04-21 10:50:58.502  INFO 11212 --- [http-nio-8066-exec-8] com.einvoice.impl.DataxImpl              : 	PS Survivor Space              | 42.50MB                        | 42.50MB                        
2020-04-21 10:50:58.502  INFO 11212 --- [http-nio-8066-exec-8] com.einvoice.impl.DataxImpl              : 	PS Old Gen                     | 683.00MB                       | 683.00MB                       
2020-04-21 10:50:58.502  INFO 11212 --- [http-nio-8066-exec-8] com.einvoice.impl.DataxImpl              : 	Metaspace                      | -0.00MB                        | 0.00MB                         
2020-04-21 10:50:58.502  INFO 11212 --- [http-nio-8066-exec-8] com.einvoice.impl.DataxImpl              : 
2020-04-21 10:50:58.502  INFO 11212 --- [http-nio-8066-exec-8] com.einvoice.impl.DataxImpl              : 
2020-04-21 10:50:58.517  INFO 11212 --- [http-nio-8066-exec-8] com.einvoice.impl.DataxImpl              : 2020-04-21 10:50:58.516 [main] INFO  Engine - 
2020-04-21 10:50:58.517  INFO 11212 --- [http-nio-8066-exec-8] com.einvoice.impl.DataxImpl              : {
2020-04-21 10:50:58.517  INFO 11212 --- [http-nio-8066-exec-8] com.einvoice.impl.DataxImpl              : 	"content":[
2020-04-21 10:50:58.517  INFO 11212 --- [http-nio-8066-exec-8] com.einvoice.impl.DataxImpl              : 		{
2020-04-21 10:50:58.517  INFO 11212 --- [http-nio-8066-exec-8] com.einvoice.impl.DataxImpl              : 			"reader":{
2020-04-21 10:50:58.517  INFO 11212 --- [http-nio-8066-exec-8] com.einvoice.impl.DataxImpl              : 				"name":"mysqlreader",
2020-04-21 10:50:58.517  INFO 11212 --- [http-nio-8066-exec-8] com.einvoice.impl.DataxImpl              : 				"parameter":{
2020-04-21 10:50:58.517  INFO 11212 --- [http-nio-8066-exec-8] com.einvoice.impl.DataxImpl              : 					"connection":[
2020-04-21 10:50:58.517  INFO 11212 --- [http-nio-8066-exec-8] com.einvoice.impl.DataxImpl              : 						{
2020-04-21 10:50:58.517  INFO 11212 --- [http-nio-8066-exec-8] com.einvoice.impl.DataxImpl              : 							"jdbcUrl":[
2020-04-21 10:50:58.517  INFO 11212 --- [http-nio-8066-exec-8] com.einvoice.impl.DataxImpl              : 								"jdbc:mysql://localhost:3306/graduation"
2020-04-21 10:50:58.517  INFO 11212 --- [http-nio-8066-exec-8] com.einvoice.impl.DataxImpl              : 							],
2020-04-21 10:50:58.517  INFO 11212 --- [http-nio-8066-exec-8] com.einvoice.impl.DataxImpl              : 							"querySql":[
2020-04-21 10:50:58.518  INFO 11212 --- [http-nio-8066-exec-8] com.einvoice.impl.DataxImpl              : 								"SELECT max(date) FROM student"
2020-04-21 10:50:58.518  INFO 11212 --- [http-nio-8066-exec-8] com.einvoice.impl.DataxImpl              : 							]
2020-04-21 10:50:58.518  INFO 11212 --- [http-nio-8066-exec-8] com.einvoice.impl.DataxImpl              : 						}
2020-04-21 10:50:58.518  INFO 11212 --- [http-nio-8066-exec-8] com.einvoice.impl.DataxImpl              : 					],
2020-04-21 10:50:58.518  INFO 11212 --- [http-nio-8066-exec-8] com.einvoice.impl.DataxImpl              : 					"password":"****",
2020-04-21 10:50:58.518  INFO 11212 --- [http-nio-8066-exec-8] com.einvoice.impl.DataxImpl              : 					"username":"root"
2020-04-21 10:50:58.518  INFO 11212 --- [http-nio-8066-exec-8] com.einvoice.impl.DataxImpl              : 				}
2020-04-21 10:50:58.518  INFO 11212 --- [http-nio-8066-exec-8] com.einvoice.impl.DataxImpl              : 			},
2020-04-21 10:50:58.518  INFO 11212 --- [http-nio-8066-exec-8] com.einvoice.impl.DataxImpl              : 			"writer":{
2020-04-21 10:50:58.518  INFO 11212 --- [http-nio-8066-exec-8] com.einvoice.impl.DataxImpl              : 				"name":"txtfilewriter",
2020-04-21 10:50:58.518  INFO 11212 --- [http-nio-8066-exec-8] com.einvoice.impl.DataxImpl              : 				"parameter":{
2020-04-21 10:50:58.518  INFO 11212 --- [http-nio-8066-exec-8] com.einvoice.impl.DataxImpl              : 					"fileName":"max_date",
2020-04-21 10:50:58.518  INFO 11212 --- [http-nio-8066-exec-8] com.einvoice.impl.DataxImpl              : 					"path":"E:/graduation/DataTransfer/datax/job",
2020-04-21 10:50:58.518  INFO 11212 --- [http-nio-8066-exec-8] com.einvoice.impl.DataxImpl              : 					"writeMode":"truncate"
2020-04-21 10:50:58.518  INFO 11212 --- [http-nio-8066-exec-8] com.einvoice.impl.DataxImpl              : 				}
2020-04-21 10:50:58.518  INFO 11212 --- [http-nio-8066-exec-8] com.einvoice.impl.DataxImpl              : 			}
2020-04-21 10:50:58.518  INFO 11212 --- [http-nio-8066-exec-8] com.einvoice.impl.DataxImpl              : 		}
2020-04-21 10:50:58.518  INFO 11212 --- [http-nio-8066-exec-8] com.einvoice.impl.DataxImpl              : 	],
2020-04-21 10:50:58.518  INFO 11212 --- [http-nio-8066-exec-8] com.einvoice.impl.DataxImpl              : 	"setting":{
2020-04-21 10:50:58.518  INFO 11212 --- [http-nio-8066-exec-8] com.einvoice.impl.DataxImpl              : 		"speed":{
2020-04-21 10:50:58.518  INFO 11212 --- [http-nio-8066-exec-8] com.einvoice.impl.DataxImpl              : 			"channel":1
2020-04-21 10:50:58.518  INFO 11212 --- [http-nio-8066-exec-8] com.einvoice.impl.DataxImpl              : 		}
2020-04-21 10:50:58.519  INFO 11212 --- [http-nio-8066-exec-8] com.einvoice.impl.DataxImpl              : 	}
2020-04-21 10:50:58.519  INFO 11212 --- [http-nio-8066-exec-8] com.einvoice.impl.DataxImpl              : }
2020-04-21 10:50:58.519  INFO 11212 --- [http-nio-8066-exec-8] com.einvoice.impl.DataxImpl              : 
2020-04-21 10:50:58.532  INFO 11212 --- [http-nio-8066-exec-8] com.einvoice.impl.DataxImpl              : 2020-04-21 10:50:58.531 [main] WARN  Engine - prioriy set to 0, because NumberFormatException, the value is: null
2020-04-21 10:50:58.533  INFO 11212 --- [http-nio-8066-exec-8] com.einvoice.impl.DataxImpl              : 2020-04-21 10:50:58.533 [main] INFO  PerfTrace - PerfTrace traceId=job_-1, isEnable=false, priority=0
2020-04-21 10:50:58.533  INFO 11212 --- [http-nio-8066-exec-8] com.einvoice.impl.DataxImpl              : 2020-04-21 10:50:58.533 [main] INFO  JobContainer - DataX jobContainer starts job.
2020-04-21 10:50:58.534  INFO 11212 --- [http-nio-8066-exec-8] com.einvoice.impl.DataxImpl              : 2020-04-21 10:50:58.534 [main] INFO  JobContainer - Set jobId = 0
2020-04-21 10:50:59.296  INFO 11212 --- [http-nio-8066-exec-8] com.einvoice.impl.DataxImpl              : 2020-04-21 10:50:59.295 [job-0] INFO  OriginalConfPretreatmentUtil - Available jdbcUrl:jdbc:mysql://localhost:3306/graduation?yearIsDateType=false&zeroDateTimeBehavior=convertToNull&tinyInt1isBit=false&rewriteBatchedStatements=true.
2020-04-21 10:51:00.086  INFO 11212 --- [http-nio-8066-exec-8] com.einvoice.impl.DataxImpl              : 2020-04-21 10:51:00.086 [job-0] WARN  UnstructuredStorageWriterUtil - 您的encoding配置为空, 将使用默认值[UTF-8]
2020-04-21 10:51:00.087  INFO 11212 --- [http-nio-8066-exec-8] com.einvoice.impl.DataxImpl              : 2020-04-21 10:51:00.086 [job-0] WARN  UnstructuredStorageWriterUtil - 您没有配置列分隔符, 使用默认值[,]
2020-04-21 10:51:00.087  INFO 11212 --- [http-nio-8066-exec-8] com.einvoice.impl.DataxImpl              : 2020-04-21 10:51:00.087 [job-0] INFO  JobContainer - jobContainer starts to do prepare ...
2020-04-21 10:51:00.087  INFO 11212 --- [http-nio-8066-exec-8] com.einvoice.impl.DataxImpl              : 2020-04-21 10:51:00.087 [job-0] INFO  JobContainer - DataX Reader.Job [mysqlreader] do prepare work .
2020-04-21 10:51:00.087  INFO 11212 --- [http-nio-8066-exec-8] com.einvoice.impl.DataxImpl              : 2020-04-21 10:51:00.087 [job-0] INFO  JobContainer - DataX Writer.Job [txtfilewriter] do prepare work .
2020-04-21 10:51:00.088  INFO 11212 --- [http-nio-8066-exec-8] com.einvoice.impl.DataxImpl              : 2020-04-21 10:51:00.088 [job-0] INFO  TxtFileWriter$Job - 由于您配置了writeMode truncate, 开始清理 [E:/graduation/DataTransfer/datax/job] 下面以 [max_date] 开头的内容
2020-04-21 10:51:00.090  INFO 11212 --- [http-nio-8066-exec-8] com.einvoice.impl.DataxImpl              : 2020-04-21 10:51:00.089 [job-0] INFO  TxtFileWriter$Job - delete file [max_date__7f5ccff1_3a42_4363_929a_44ab3b90ac51].
2020-04-21 10:51:00.104  INFO 11212 --- [http-nio-8066-exec-8] com.einvoice.impl.DataxImpl              : 2020-04-21 10:51:00.103 [job-0] INFO  JobContainer - jobContainer starts to do split ...
2020-04-21 10:51:00.104  INFO 11212 --- [http-nio-8066-exec-8] com.einvoice.impl.DataxImpl              : 2020-04-21 10:51:00.104 [job-0] INFO  JobContainer - Job set Channel-Number to 1 channels.
2020-04-21 10:51:00.106  INFO 11212 --- [http-nio-8066-exec-8] com.einvoice.impl.DataxImpl              : 2020-04-21 10:51:00.105 [job-0] INFO  JobContainer - DataX Reader.Job [mysqlreader] splits to [1] tasks.
2020-04-21 10:51:00.106  INFO 11212 --- [http-nio-8066-exec-8] com.einvoice.impl.DataxImpl              : 2020-04-21 10:51:00.106 [job-0] INFO  TxtFileWriter$Job - begin do split...
2020-04-21 10:51:05.109  INFO 11212 --- [http-nio-8066-exec-8] com.einvoice.impl.DataxImpl              : 2020-04-21 10:51:05.109 [job-0] INFO  TxtFileWriter$Job - splited write file name:[max_date__6ac9e702_9b73_47c0_b85f_72eb586b67d4]
2020-04-21 10:51:05.109  INFO 11212 --- [http-nio-8066-exec-8] com.einvoice.impl.DataxImpl              : 2020-04-21 10:51:05.109 [job-0] INFO  TxtFileWriter$Job - end do split.
2020-04-21 10:51:05.109  INFO 11212 --- [http-nio-8066-exec-8] com.einvoice.impl.DataxImpl              : 2020-04-21 10:51:05.109 [job-0] INFO  JobContainer - DataX Writer.Job [txtfilewriter] splits to [1] tasks.
2020-04-21 10:51:05.124  INFO 11212 --- [http-nio-8066-exec-8] com.einvoice.impl.DataxImpl              : 2020-04-21 10:51:05.123 [job-0] INFO  JobContainer - jobContainer starts to do schedule ...
2020-04-21 10:51:05.126  INFO 11212 --- [http-nio-8066-exec-8] com.einvoice.impl.DataxImpl              : 2020-04-21 10:51:05.126 [job-0] INFO  JobContainer - Scheduler starts [1] taskGroups.
2020-04-21 10:51:05.128  INFO 11212 --- [http-nio-8066-exec-8] com.einvoice.impl.DataxImpl              : 2020-04-21 10:51:05.128 [job-0] INFO  JobContainer - Running by standalone Mode.
2020-04-21 10:51:05.137  INFO 11212 --- [http-nio-8066-exec-8] com.einvoice.impl.DataxImpl              : 2020-04-21 10:51:05.137 [taskGroup-0] INFO  TaskGroupContainer - taskGroupId=[0] start [1] channels for [1] tasks.
2020-04-21 10:51:05.141  INFO 11212 --- [http-nio-8066-exec-8] com.einvoice.impl.DataxImpl              : 2020-04-21 10:51:05.140 [taskGroup-0] INFO  Channel - Channel set byte_speed_limit to -1, No bps activated.
2020-04-21 10:51:05.141  INFO 11212 --- [http-nio-8066-exec-8] com.einvoice.impl.DataxImpl              : 2020-04-21 10:51:05.141 [taskGroup-0] INFO  Channel - Channel set record_speed_limit to -1, No tps activated.
2020-04-21 10:51:05.148  INFO 11212 --- [http-nio-8066-exec-8] com.einvoice.impl.DataxImpl              : 2020-04-21 10:51:05.148 [taskGroup-0] INFO  TaskGroupContainer - taskGroup[0] taskId[0] attemptCount[1] is started
2020-04-21 10:51:05.149  INFO 11212 --- [http-nio-8066-exec-8] com.einvoice.impl.DataxImpl              : 2020-04-21 10:51:05.149 [0-0-0-writer] INFO  TxtFileWriter$Task - begin do write...
2020-04-21 10:51:05.149  INFO 11212 --- [http-nio-8066-exec-8] com.einvoice.impl.DataxImpl              : 2020-04-21 10:51:05.149 [0-0-0-writer] INFO  TxtFileWriter$Task - write to file : [E:/graduation/DataTransfer/datax/job\max_date__6ac9e702_9b73_47c0_b85f_72eb586b67d4]
2020-04-21 10:51:05.152  INFO 11212 --- [http-nio-8066-exec-8] com.einvoice.impl.DataxImpl              : 2020-04-21 10:51:05.151 [0-0-0-reader] INFO  CommonRdbmsReader$Task - Begin to read record by Sql: [SELECT max(date) FROM student
2020-04-21 10:51:05.152  INFO 11212 --- [http-nio-8066-exec-8] com.einvoice.impl.DataxImpl              : ] jdbcUrl:[jdbc:mysql://localhost:3306/graduation?yearIsDateType=false&zeroDateTimeBehavior=convertToNull&tinyInt1isBit=false&rewriteBatchedStatements=true].
2020-04-21 10:51:05.185  INFO 11212 --- [http-nio-8066-exec-8] com.einvoice.impl.DataxImpl              : 2020-04-21 10:51:05.184 [0-0-0-reader] INFO  CommonRdbmsReader$Task - Finished read record by Sql: [SELECT max(date) FROM student
2020-04-21 10:51:05.185  INFO 11212 --- [http-nio-8066-exec-8] com.einvoice.impl.DataxImpl              : ] jdbcUrl:[jdbc:mysql://localhost:3306/graduation?yearIsDateType=false&zeroDateTimeBehavior=convertToNull&tinyInt1isBit=false&rewriteBatchedStatements=true].
2020-04-21 10:51:05.246  INFO 11212 --- [http-nio-8066-exec-8] com.einvoice.impl.DataxImpl              : 2020-04-21 10:51:05.246 [0-0-0-writer] INFO  TxtFileWriter$Task - end do write
2020-04-21 10:51:05.249  INFO 11212 --- [http-nio-8066-exec-8] com.einvoice.impl.DataxImpl              : 2020-04-21 10:51:05.249 [taskGroup-0] INFO  TaskGroupContainer - taskGroup[0] taskId[0] is successed, used[102]ms
2020-04-21 10:51:05.249  INFO 11212 --- [http-nio-8066-exec-8] com.einvoice.impl.DataxImpl              : 2020-04-21 10:51:05.249 [taskGroup-0] INFO  TaskGroupContainer - taskGroup[0] completed it's tasks.
2020-04-21 10:51:15.147  INFO 11212 --- [http-nio-8066-exec-8] com.einvoice.impl.DataxImpl              : 2020-04-21 10:51:15.147 [job-0] INFO  StandAloneJobContainerCommunicator - Total 1 records, 8 bytes | Speed 0B/s, 0 records/s | Error 0 records, 0 bytes |  All Task WaitWriterTime 0.000s |  All Task WaitReaderTime 0.034s | Percentage 100.00%
2020-04-21 10:51:15.148  INFO 11212 --- [http-nio-8066-exec-8] com.einvoice.impl.DataxImpl              : 2020-04-21 10:51:15.147 [job-0] INFO  AbstractScheduler - Scheduler accomplished all tasks.
2020-04-21 10:51:15.148  INFO 11212 --- [http-nio-8066-exec-8] com.einvoice.impl.DataxImpl              : 2020-04-21 10:51:15.148 [job-0] INFO  JobContainer - DataX Writer.Job [txtfilewriter] do post work.
2020-04-21 10:51:15.150  INFO 11212 --- [http-nio-8066-exec-8] com.einvoice.impl.DataxImpl              : 2020-04-21 10:51:15.149 [job-0] INFO  JobContainer - DataX Reader.Job [mysqlreader] do post work.
2020-04-21 10:51:15.150  INFO 11212 --- [http-nio-8066-exec-8] com.einvoice.impl.DataxImpl              : 2020-04-21 10:51:15.150 [job-0] INFO  JobContainer - DataX jobId [0] completed successfully.
2020-04-21 10:51:15.151  INFO 11212 --- [http-nio-8066-exec-8] com.einvoice.impl.DataxImpl              : 2020-04-21 10:51:15.151 [job-0] INFO  HookInvoker - No hook invoked, because base dir not exists or is a file: E:\graduation\DataTransfer\datax\hook
2020-04-21 10:51:15.153  INFO 11212 --- [http-nio-8066-exec-8] com.einvoice.impl.DataxImpl              : 2020-04-21 10:51:15.152 [job-0] INFO  JobContainer - 
2020-04-21 10:51:15.153  INFO 11212 --- [http-nio-8066-exec-8] com.einvoice.impl.DataxImpl              : 	 [total cpu info] => 
2020-04-21 10:51:15.153  INFO 11212 --- [http-nio-8066-exec-8] com.einvoice.impl.DataxImpl              : 		averageCpu                     | maxDeltaCpu                    | minDeltaCpu                    
2020-04-21 10:51:15.153  INFO 11212 --- [http-nio-8066-exec-8] com.einvoice.impl.DataxImpl              : 		-1.00%                         | -1.00%                         | -1.00%
2020-04-21 10:51:15.153  INFO 11212 --- [http-nio-8066-exec-8] com.einvoice.impl.DataxImpl              :                         
2020-04-21 10:51:15.153  INFO 11212 --- [http-nio-8066-exec-8] com.einvoice.impl.DataxImpl              : 
2020-04-21 10:51:15.153  INFO 11212 --- [http-nio-8066-exec-8] com.einvoice.impl.DataxImpl              : 	 [total gc info] => 
2020-04-21 10:51:15.153  INFO 11212 --- [http-nio-8066-exec-8] com.einvoice.impl.DataxImpl              : 		 NAME                 | totalGCCount       | maxDeltaGCCount    | minDeltaGCCount    | totalGCTime        | maxDeltaGCTime     | minDeltaGCTime     
2020-04-21 10:51:15.153  INFO 11212 --- [http-nio-8066-exec-8] com.einvoice.impl.DataxImpl              : 		 PS MarkSweep         | 0                  | 0                  | 0                  | 0.000s             | 0.000s             | 0.000s             
2020-04-21 10:51:15.153  INFO 11212 --- [http-nio-8066-exec-8] com.einvoice.impl.DataxImpl              : 		 PS Scavenge          | 0                  | 0                  | 0                  | 0.000s             | 0.000s             | 0.000s             
2020-04-21 10:51:15.153  INFO 11212 --- [http-nio-8066-exec-8] com.einvoice.impl.DataxImpl              : 
2020-04-21 10:51:15.153  INFO 11212 --- [http-nio-8066-exec-8] com.einvoice.impl.DataxImpl              : 2020-04-21 10:51:15.153 [job-0] INFO  JobContainer - PerfTrace not enable!
2020-04-21 10:51:15.153  INFO 11212 --- [http-nio-8066-exec-8] com.einvoice.impl.DataxImpl              : 2020-04-21 10:51:15.153 [job-0] INFO  StandAloneJobContainerCommunicator - Total 1 records, 8 bytes | Speed 0B/s, 0 records/s | Error 0 records, 0 bytes |  All Task WaitWriterTime 0.000s |  All Task WaitReaderTime 0.034s | Percentage 100.00%
2020-04-21 10:51:15.155  INFO 11212 --- [http-nio-8066-exec-8] com.einvoice.impl.DataxImpl              : 2020-04-21 10:51:15.155 [job-0] INFO  JobContainer - 
2020-04-21 10:51:15.155  INFO 11212 --- [http-nio-8066-exec-8] com.einvoice.impl.DataxImpl              : 任务启动时刻                    : 2020-04-21 10:50:58
2020-04-21 10:51:15.155  INFO 11212 --- [http-nio-8066-exec-8] com.einvoice.impl.DataxImpl              : 任务结束时刻                    : 2020-04-21 10:51:15
2020-04-21 10:51:15.155  INFO 11212 --- [http-nio-8066-exec-8] com.einvoice.impl.DataxImpl              : 任务总计耗时                    :                 16s
2020-04-21 10:51:15.155  INFO 11212 --- [http-nio-8066-exec-8] com.einvoice.impl.DataxImpl              : 任务平均流量                    :                0B/s
2020-04-21 10:51:15.155  INFO 11212 --- [http-nio-8066-exec-8] com.einvoice.impl.DataxImpl              : 记录写入速度                    :              0rec/s
2020-04-21 10:51:15.155  INFO 11212 --- [http-nio-8066-exec-8] com.einvoice.impl.DataxImpl              : 读出记录总数                    :                   1
2020-04-21 10:51:15.155  INFO 11212 --- [http-nio-8066-exec-8] com.einvoice.impl.DataxImpl              : 读写失败总数                    :                   0
2020-04-21 10:51:15.155  INFO 11212 --- [http-nio-8066-exec-8] com.einvoice.impl.DataxImpl              : 
2020-04-21 10:51:15.412  INFO 11212 --- [http-nio-8066-exec-8] com.einvoice.impl.DataxImpl              : 
2020-04-21 10:51:15.412  INFO 11212 --- [http-nio-8066-exec-8] com.einvoice.impl.DataxImpl              : DataX (DATAX-OPENSOURCE-3.0), From Alibaba !
2020-04-21 10:51:15.412  INFO 11212 --- [http-nio-8066-exec-8] com.einvoice.impl.DataxImpl              : Copyright (C) 2010-2017, Alibaba Group. All Rights Reserved.
2020-04-21 10:51:15.412  INFO 11212 --- [http-nio-8066-exec-8] com.einvoice.impl.DataxImpl              : 
2020-04-21 10:51:15.412  INFO 11212 --- [http-nio-8066-exec-8] com.einvoice.impl.DataxImpl              : 
2020-04-21 10:51:16.075  INFO 11212 --- [http-nio-8066-exec-8] com.einvoice.impl.DataxImpl              : 2020-04-21 10:51:16.074 [main] INFO  VMInfo - VMInfo# operatingSystem class => sun.management.OperatingSystemImpl
2020-04-21 10:51:16.080  INFO 11212 --- [http-nio-8066-exec-8] com.einvoice.impl.DataxImpl              : 2020-04-21 10:51:16.080 [main] INFO  Engine - the machine info  => 
2020-04-21 10:51:16.080  INFO 11212 --- [http-nio-8066-exec-8] com.einvoice.impl.DataxImpl              : 
2020-04-21 10:51:16.080  INFO 11212 --- [http-nio-8066-exec-8] com.einvoice.impl.DataxImpl              : 	osInfo:	Oracle Corporation 1.8 25.171-b11
2020-04-21 10:51:16.080  INFO 11212 --- [http-nio-8066-exec-8] com.einvoice.impl.DataxImpl              : 	jvmInfo:	Windows 10 amd64 10.0
2020-04-21 10:51:16.081  INFO 11212 --- [http-nio-8066-exec-8] com.einvoice.impl.DataxImpl              : 	cpu num:	12
2020-04-21 10:51:16.081  INFO 11212 --- [http-nio-8066-exec-8] com.einvoice.impl.DataxImpl              : 
2020-04-21 10:51:16.081  INFO 11212 --- [http-nio-8066-exec-8] com.einvoice.impl.DataxImpl              : 	totalPhysicalMemory:	-0.00G
2020-04-21 10:51:16.081  INFO 11212 --- [http-nio-8066-exec-8] com.einvoice.impl.DataxImpl              : 	freePhysicalMemory:	-0.00G
2020-04-21 10:51:16.081  INFO 11212 --- [http-nio-8066-exec-8] com.einvoice.impl.DataxImpl              : 	maxFileDescriptorCount:	-1
2020-04-21 10:51:16.081  INFO 11212 --- [http-nio-8066-exec-8] com.einvoice.impl.DataxImpl              : 	currentOpenFileDescriptorCount:	-1
2020-04-21 10:51:16.081  INFO 11212 --- [http-nio-8066-exec-8] com.einvoice.impl.DataxImpl              : 
2020-04-21 10:51:16.081  INFO 11212 --- [http-nio-8066-exec-8] com.einvoice.impl.DataxImpl              : 	GC Names	[PS MarkSweep, PS Scavenge]
2020-04-21 10:51:16.081  INFO 11212 --- [http-nio-8066-exec-8] com.einvoice.impl.DataxImpl              : 
2020-04-21 10:51:16.081  INFO 11212 --- [http-nio-8066-exec-8] com.einvoice.impl.DataxImpl              : 	MEMORY_NAME                    | allocation_size                | init_size                      
2020-04-21 10:51:16.081  INFO 11212 --- [http-nio-8066-exec-8] com.einvoice.impl.DataxImpl              : 	PS Eden Space                  | 256.00MB                       | 256.00MB                       
2020-04-21 10:51:16.081  INFO 11212 --- [http-nio-8066-exec-8] com.einvoice.impl.DataxImpl              : 	Code Cache                     | 240.00MB                       | 2.44MB                         
2020-04-21 10:51:16.081  INFO 11212 --- [http-nio-8066-exec-8] com.einvoice.impl.DataxImpl              : 	Compressed Class Space         | 1,024.00MB                     | 0.00MB                         
2020-04-21 10:51:16.081  INFO 11212 --- [http-nio-8066-exec-8] com.einvoice.impl.DataxImpl              : 	PS Survivor Space              | 42.50MB                        | 42.50MB                        
2020-04-21 10:51:16.081  INFO 11212 --- [http-nio-8066-exec-8] com.einvoice.impl.DataxImpl              : 	PS Old Gen                     | 683.00MB                       | 683.00MB                       
2020-04-21 10:51:16.081  INFO 11212 --- [http-nio-8066-exec-8] com.einvoice.impl.DataxImpl              : 	Metaspace                      | -0.00MB                        | 0.00MB                         
2020-04-21 10:51:16.081  INFO 11212 --- [http-nio-8066-exec-8] com.einvoice.impl.DataxImpl              : 
2020-04-21 10:51:16.081  INFO 11212 --- [http-nio-8066-exec-8] com.einvoice.impl.DataxImpl              : 
2020-04-21 10:51:16.097  INFO 11212 --- [http-nio-8066-exec-8] com.einvoice.impl.DataxImpl              : 2020-04-21 10:51:16.097 [main] INFO  Engine - 
2020-04-21 10:51:16.097  INFO 11212 --- [http-nio-8066-exec-8] com.einvoice.impl.DataxImpl              : {
2020-04-21 10:51:16.097  INFO 11212 --- [http-nio-8066-exec-8] com.einvoice.impl.DataxImpl              : 	"content":[
2020-04-21 10:51:16.097  INFO 11212 --- [http-nio-8066-exec-8] com.einvoice.impl.DataxImpl              : 		{
2020-04-21 10:51:16.097  INFO 11212 --- [http-nio-8066-exec-8] com.einvoice.impl.DataxImpl              : 			"reader":{
2020-04-21 10:51:16.097  INFO 11212 --- [http-nio-8066-exec-8] com.einvoice.impl.DataxImpl              : 				"name":"mysqlreader",
2020-04-21 10:51:16.097  INFO 11212 --- [http-nio-8066-exec-8] com.einvoice.impl.DataxImpl              : 				"parameter":{
2020-04-21 10:51:16.097  INFO 11212 --- [http-nio-8066-exec-8] com.einvoice.impl.DataxImpl              : 					"column":[
2020-04-21 10:51:16.097  INFO 11212 --- [http-nio-8066-exec-8] com.einvoice.impl.DataxImpl              : 						"ID",
2020-04-21 10:51:16.097  INFO 11212 --- [http-nio-8066-exec-8] com.einvoice.impl.DataxImpl              : 						"name",
2020-04-21 10:51:16.097  INFO 11212 --- [http-nio-8066-exec-8] com.einvoice.impl.DataxImpl              : 						"date"
2020-04-21 10:51:16.097  INFO 11212 --- [http-nio-8066-exec-8] com.einvoice.impl.DataxImpl              : 					],
2020-04-21 10:51:16.097  INFO 11212 --- [http-nio-8066-exec-8] com.einvoice.impl.DataxImpl              : 					"connection":[
2020-04-21 10:51:16.097  INFO 11212 --- [http-nio-8066-exec-8] com.einvoice.impl.DataxImpl              : 						{
2020-04-21 10:51:16.097  INFO 11212 --- [http-nio-8066-exec-8] com.einvoice.impl.DataxImpl              : 							"jdbcUrl":[
2020-04-21 10:51:16.097  INFO 11212 --- [http-nio-8066-exec-8] com.einvoice.impl.DataxImpl              : 								"jdbc:mysql://localhost:3306/graduation"
2020-04-21 10:51:16.097  INFO 11212 --- [http-nio-8066-exec-8] com.einvoice.impl.DataxImpl              : 							],
2020-04-21 10:51:16.097  INFO 11212 --- [http-nio-8066-exec-8] com.einvoice.impl.DataxImpl              : 							"table":[
2020-04-21 10:51:16.097  INFO 11212 --- [http-nio-8066-exec-8] com.einvoice.impl.DataxImpl              : 								"student"
2020-04-21 10:51:16.097  INFO 11212 --- [http-nio-8066-exec-8] com.einvoice.impl.DataxImpl              : 							]
2020-04-21 10:51:16.097  INFO 11212 --- [http-nio-8066-exec-8] com.einvoice.impl.DataxImpl              : 						}
2020-04-21 10:51:16.098  INFO 11212 --- [http-nio-8066-exec-8] com.einvoice.impl.DataxImpl              : 					],
2020-04-21 10:51:16.098  INFO 11212 --- [http-nio-8066-exec-8] com.einvoice.impl.DataxImpl              : 					"password":"****",
2020-04-21 10:51:16.098  INFO 11212 --- [http-nio-8066-exec-8] com.einvoice.impl.DataxImpl              : 					"username":"root",
2020-04-21 10:51:16.098  INFO 11212 --- [http-nio-8066-exec-8] com.einvoice.impl.DataxImpl              : 					"where":"1=1"
2020-04-21 10:51:16.098  INFO 11212 --- [http-nio-8066-exec-8] com.einvoice.impl.DataxImpl              : 				}
2020-04-21 10:51:16.098  INFO 11212 --- [http-nio-8066-exec-8] com.einvoice.impl.DataxImpl              : 			},
2020-04-21 10:51:16.098  INFO 11212 --- [http-nio-8066-exec-8] com.einvoice.impl.DataxImpl              : 			"writer":{
2020-04-21 10:51:16.098  INFO 11212 --- [http-nio-8066-exec-8] com.einvoice.impl.DataxImpl              : 				"name":"mysqlwriter",
2020-04-21 10:51:16.098  INFO 11212 --- [http-nio-8066-exec-8] com.einvoice.impl.DataxImpl              : 				"parameter":{
2020-04-21 10:51:16.098  INFO 11212 --- [http-nio-8066-exec-8] com.einvoice.impl.DataxImpl              : 					"column":[
2020-04-21 10:51:16.098  INFO 11212 --- [http-nio-8066-exec-8] com.einvoice.impl.DataxImpl              : 						"ID",
2020-04-21 10:51:16.098  INFO 11212 --- [http-nio-8066-exec-8] com.einvoice.impl.DataxImpl              : 						"name",
2020-04-21 10:51:16.098  INFO 11212 --- [http-nio-8066-exec-8] com.einvoice.impl.DataxImpl              : 						"date"
2020-04-21 10:51:16.098  INFO 11212 --- [http-nio-8066-exec-8] com.einvoice.impl.DataxImpl              : 					],
2020-04-21 10:51:16.098  INFO 11212 --- [http-nio-8066-exec-8] com.einvoice.impl.DataxImpl              : 					"connection":[
2020-04-21 10:51:16.098  INFO 11212 --- [http-nio-8066-exec-8] com.einvoice.impl.DataxImpl              : 						{
2020-04-21 10:51:16.098  INFO 11212 --- [http-nio-8066-exec-8] com.einvoice.impl.DataxImpl              : 							"jdbcUrl":"jdbc:mysql://localhost:3306/graduation_copy",
2020-04-21 10:51:16.098  INFO 11212 --- [http-nio-8066-exec-8] com.einvoice.impl.DataxImpl              : 							"table":[
2020-04-21 10:51:16.098  INFO 11212 --- [http-nio-8066-exec-8] com.einvoice.impl.DataxImpl              : 								"student_copy"
2020-04-21 10:51:16.098  INFO 11212 --- [http-nio-8066-exec-8] com.einvoice.impl.DataxImpl              : 							]
2020-04-21 10:51:16.098  INFO 11212 --- [http-nio-8066-exec-8] com.einvoice.impl.DataxImpl              : 						}
2020-04-21 10:51:16.098  INFO 11212 --- [http-nio-8066-exec-8] com.einvoice.impl.DataxImpl              : 					],
2020-04-21 10:51:16.098  INFO 11212 --- [http-nio-8066-exec-8] com.einvoice.impl.DataxImpl              : 					"password":"****",
2020-04-21 10:51:16.098  INFO 11212 --- [http-nio-8066-exec-8] com.einvoice.impl.DataxImpl              : 					"preSql":[
2020-04-21 10:51:16.098  INFO 11212 --- [http-nio-8066-exec-8] com.einvoice.impl.DataxImpl              : 						"delete from student_copy"
2020-04-21 10:51:16.105  INFO 11212 --- [http-nio-8066-exec-8] com.einvoice.impl.DataxImpl              : 					],
2020-04-21 10:51:16.106  INFO 11212 --- [http-nio-8066-exec-8] com.einvoice.impl.DataxImpl              : 					"username":"root",
2020-04-21 10:51:16.106  INFO 11212 --- [http-nio-8066-exec-8] com.einvoice.impl.DataxImpl              : 					"writeMode":"replace"
2020-04-21 10:51:16.106  INFO 11212 --- [http-nio-8066-exec-8] com.einvoice.impl.DataxImpl              : 				}
2020-04-21 10:51:16.106  INFO 11212 --- [http-nio-8066-exec-8] com.einvoice.impl.DataxImpl              : 			}
2020-04-21 10:51:16.106  INFO 11212 --- [http-nio-8066-exec-8] com.einvoice.impl.DataxImpl              : 		}
2020-04-21 10:51:16.106  INFO 11212 --- [http-nio-8066-exec-8] com.einvoice.impl.DataxImpl              : 	],
2020-04-21 10:51:16.106  INFO 11212 --- [http-nio-8066-exec-8] com.einvoice.impl.DataxImpl              : 	"setting":{
2020-04-21 10:51:16.106  INFO 11212 --- [http-nio-8066-exec-8] com.einvoice.impl.DataxImpl              : 		"speed":{
2020-04-21 10:51:16.106  INFO 11212 --- [http-nio-8066-exec-8] com.einvoice.impl.DataxImpl              : 			"channel":1
2020-04-21 10:51:16.106  INFO 11212 --- [http-nio-8066-exec-8] com.einvoice.impl.DataxImpl              : 		}
2020-04-21 10:51:16.106  INFO 11212 --- [http-nio-8066-exec-8] com.einvoice.impl.DataxImpl              : 	}
2020-04-21 10:51:16.106  INFO 11212 --- [http-nio-8066-exec-8] com.einvoice.impl.DataxImpl              : }
2020-04-21 10:51:16.106  INFO 11212 --- [http-nio-8066-exec-8] com.einvoice.impl.DataxImpl              : 
2020-04-21 10:51:16.115  INFO 11212 --- [http-nio-8066-exec-8] com.einvoice.impl.DataxImpl              : 2020-04-21 10:51:16.115 [main] WARN  Engine - prioriy set to 0, because NumberFormatException, the value is: null
2020-04-21 10:51:16.117  INFO 11212 --- [http-nio-8066-exec-8] com.einvoice.impl.DataxImpl              : 2020-04-21 10:51:16.117 [main] INFO  PerfTrace - PerfTrace traceId=job_-1, isEnable=false, priority=0
2020-04-21 10:51:16.117  INFO 11212 --- [http-nio-8066-exec-8] com.einvoice.impl.DataxImpl              : 2020-04-21 10:51:16.117 [main] INFO  JobContainer - DataX jobContainer starts job.
2020-04-21 10:51:16.119  INFO 11212 --- [http-nio-8066-exec-8] com.einvoice.impl.DataxImpl              : 2020-04-21 10:51:16.119 [main] INFO  JobContainer - Set jobId = 0
2020-04-21 10:51:16.467  INFO 11212 --- [http-nio-8066-exec-8] com.einvoice.impl.DataxImpl              : 2020-04-21 10:51:16.467 [job-0] INFO  OriginalConfPretreatmentUtil - Available jdbcUrl:jdbc:mysql://localhost:3306/graduation?yearIsDateType=false&zeroDateTimeBehavior=convertToNull&tinyInt1isBit=false&rewriteBatchedStatements=true.
2020-04-21 10:51:16.484  INFO 11212 --- [http-nio-8066-exec-8] com.einvoice.impl.DataxImpl              : 2020-04-21 10:51:16.484 [job-0] INFO  OriginalConfPretreatmentUtil - table:[student] has columns:[ID,name,date].
2020-04-21 10:51:17.052  INFO 11212 --- [http-nio-8066-exec-8] com.einvoice.impl.DataxImpl              : 2020-04-21 10:51:17.052 [job-0] INFO  OriginalConfPretreatmentUtil - table:[student_copy] all columns:[
2020-04-21 10:51:17.052  INFO 11212 --- [http-nio-8066-exec-8] com.einvoice.impl.DataxImpl              : ID,name,date
2020-04-21 10:51:17.052  INFO 11212 --- [http-nio-8066-exec-8] com.einvoice.impl.DataxImpl              : ].
2020-04-21 10:51:17.065  INFO 11212 --- [http-nio-8066-exec-8] com.einvoice.impl.DataxImpl              : 2020-04-21 10:51:17.064 [job-0] INFO  OriginalConfPretreatmentUtil - Write data [
2020-04-21 10:51:17.065  INFO 11212 --- [http-nio-8066-exec-8] com.einvoice.impl.DataxImpl              : replace INTO %s (ID,name,date) VALUES(?,?,?)
2020-04-21 10:51:17.065  INFO 11212 --- [http-nio-8066-exec-8] com.einvoice.impl.DataxImpl              : ], which jdbcUrl like:[jdbc:mysql://localhost:3306/graduation_copy?yearIsDateType=false&zeroDateTimeBehavior=convertToNull&tinyInt1isBit=false&rewriteBatchedStatements=true]
2020-04-21 10:51:17.065  INFO 11212 --- [http-nio-8066-exec-8] com.einvoice.impl.DataxImpl              : 2020-04-21 10:51:17.065 [job-0] INFO  JobContainer - jobContainer starts to do prepare ...
2020-04-21 10:51:17.065  INFO 11212 --- [http-nio-8066-exec-8] com.einvoice.impl.DataxImpl              : 2020-04-21 10:51:17.065 [job-0] INFO  JobContainer - DataX Reader.Job [mysqlreader] do prepare work .
2020-04-21 10:51:17.066  INFO 11212 --- [http-nio-8066-exec-8] com.einvoice.impl.DataxImpl              : 2020-04-21 10:51:17.066 [job-0] INFO  JobContainer - DataX Writer.Job [mysqlwriter] do prepare work .
2020-04-21 10:51:17.075  INFO 11212 --- [http-nio-8066-exec-8] com.einvoice.impl.DataxImpl              : 2020-04-21 10:51:17.075 [job-0] INFO  CommonRdbmsWriter$Job - Begin to execute preSqls:[delete from student_copy]. context info:jdbc:mysql://localhost:3306/graduation_copy?yearIsDateType=false&zeroDateTimeBehavior=convertToNull&tinyInt1isBit=false&rewriteBatchedStatements=true.
2020-04-21 10:51:17.095  INFO 11212 --- [http-nio-8066-exec-8] com.einvoice.impl.DataxImpl              : 2020-04-21 10:51:17.095 [job-0] INFO  JobContainer - jobContainer starts to do split ...
2020-04-21 10:51:17.095  INFO 11212 --- [http-nio-8066-exec-8] com.einvoice.impl.DataxImpl              : 2020-04-21 10:51:17.095 [job-0] INFO  JobContainer - Job set Channel-Number to 1 channels.
2020-04-21 10:51:17.099  INFO 11212 --- [http-nio-8066-exec-8] com.einvoice.impl.DataxImpl              : 2020-04-21 10:51:17.099 [job-0] INFO  JobContainer - DataX Reader.Job [mysqlreader] splits to [1] tasks.
2020-04-21 10:51:17.100  INFO 11212 --- [http-nio-8066-exec-8] com.einvoice.impl.DataxImpl              : 2020-04-21 10:51:17.100 [job-0] INFO  JobContainer - DataX Writer.Job [mysqlwriter] splits to [1] tasks.
2020-04-21 10:51:17.113  INFO 11212 --- [http-nio-8066-exec-8] com.einvoice.impl.DataxImpl              : 2020-04-21 10:51:17.113 [job-0] INFO  JobContainer - jobContainer starts to do schedule ...
2020-04-21 10:51:17.116  INFO 11212 --- [http-nio-8066-exec-8] com.einvoice.impl.DataxImpl              : 2020-04-21 10:51:17.116 [job-0] INFO  JobContainer - Scheduler starts [1] taskGroups.
2020-04-21 10:51:17.117  INFO 11212 --- [http-nio-8066-exec-8] com.einvoice.impl.DataxImpl              : 2020-04-21 10:51:17.117 [job-0] INFO  JobContainer - Running by standalone Mode.
2020-04-21 10:51:17.123  INFO 11212 --- [http-nio-8066-exec-8] com.einvoice.impl.DataxImpl              : 2020-04-21 10:51:17.123 [taskGroup-0] INFO  TaskGroupContainer - taskGroupId=[0] start [1] channels for [1] tasks.
2020-04-21 10:51:17.127  INFO 11212 --- [http-nio-8066-exec-8] com.einvoice.impl.DataxImpl              : 2020-04-21 10:51:17.127 [taskGroup-0] INFO  Channel - Channel set byte_speed_limit to -1, No bps activated.
2020-04-21 10:51:17.128  INFO 11212 --- [http-nio-8066-exec-8] com.einvoice.impl.DataxImpl              : 2020-04-21 10:51:17.127 [taskGroup-0] INFO  Channel - Channel set record_speed_limit to -1, No tps activated.
2020-04-21 10:51:17.134  INFO 11212 --- [http-nio-8066-exec-8] com.einvoice.impl.DataxImpl              : 2020-04-21 10:51:17.134 [taskGroup-0] INFO  TaskGroupContainer - taskGroup[0] taskId[0] attemptCount[1] is started
2020-04-21 10:51:17.137  INFO 11212 --- [http-nio-8066-exec-8] com.einvoice.impl.DataxImpl              : 2020-04-21 10:51:17.137 [0-0-0-reader] INFO  CommonRdbmsReader$Task - Begin to read record by Sql: [select ID,name,date from student where (1=1)
2020-04-21 10:51:17.137  INFO 11212 --- [http-nio-8066-exec-8] com.einvoice.impl.DataxImpl              : ] jdbcUrl:[jdbc:mysql://localhost:3306/graduation?yearIsDateType=false&zeroDateTimeBehavior=convertToNull&tinyInt1isBit=false&rewriteBatchedStatements=true].
2020-04-21 10:51:17.160  INFO 11212 --- [http-nio-8066-exec-8] com.einvoice.impl.DataxImpl              : 2020-04-21 10:51:17.159 [0-0-0-reader] INFO  CommonRdbmsReader$Task - Finished read record by Sql: [select ID,name,date from student where (1=1)
2020-04-21 10:51:17.160  INFO 11212 --- [http-nio-8066-exec-8] com.einvoice.impl.DataxImpl              : ] jdbcUrl:[jdbc:mysql://localhost:3306/graduation?yearIsDateType=false&zeroDateTimeBehavior=convertToNull&tinyInt1isBit=false&rewriteBatchedStatements=true].
2020-04-21 10:51:17.437  INFO 11212 --- [http-nio-8066-exec-8] com.einvoice.impl.DataxImpl              : 2020-04-21 10:51:17.437 [taskGroup-0] INFO  TaskGroupContainer - taskGroup[0] taskId[0] is successed, used[304]ms
2020-04-21 10:51:17.437  INFO 11212 --- [http-nio-8066-exec-8] com.einvoice.impl.DataxImpl              : 2020-04-21 10:51:17.437 [taskGroup-0] INFO  TaskGroupContainer - taskGroup[0] completed it's tasks.
2020-04-21 10:51:27.132  INFO 11212 --- [http-nio-8066-exec-8] com.einvoice.impl.DataxImpl              : 2020-04-21 10:51:27.132 [job-0] INFO  StandAloneJobContainerCommunicator - Total 10 records, 115 bytes | Speed 11B/s, 1 records/s | Error 0 records, 0 bytes |  All Task WaitWriterTime 0.000s |  All Task WaitReaderTime 0.000s | Percentage 100.00%
2020-04-21 10:51:27.133  INFO 11212 --- [http-nio-8066-exec-8] com.einvoice.impl.DataxImpl              : 2020-04-21 10:51:27.132 [job-0] INFO  AbstractScheduler - Scheduler accomplished all tasks.
2020-04-21 10:51:27.133  INFO 11212 --- [http-nio-8066-exec-8] com.einvoice.impl.DataxImpl              : 2020-04-21 10:51:27.133 [job-0] INFO  JobContainer - DataX Writer.Job [mysqlwriter] do post work.
2020-04-21 10:51:27.134  INFO 11212 --- [http-nio-8066-exec-8] com.einvoice.impl.DataxImpl              : 2020-04-21 10:51:27.134 [job-0] INFO  JobContainer - DataX Reader.Job [mysqlreader] do post work.
2020-04-21 10:51:27.134  INFO 11212 --- [http-nio-8066-exec-8] com.einvoice.impl.DataxImpl              : 2020-04-21 10:51:27.134 [job-0] INFO  JobContainer - DataX jobId [0] completed successfully.
2020-04-21 10:51:27.134  INFO 11212 --- [http-nio-8066-exec-8] com.einvoice.impl.DataxImpl              : 2020-04-21 10:51:27.134 [job-0] INFO  HookInvoker - No hook invoked, because base dir not exists or is a file: E:\graduation\DataTransfer\datax\hook
2020-04-21 10:51:27.135  INFO 11212 --- [http-nio-8066-exec-8] com.einvoice.impl.DataxImpl              : 2020-04-21 10:51:27.135 [job-0] INFO  JobContainer - 
2020-04-21 10:51:27.136  INFO 11212 --- [http-nio-8066-exec-8] com.einvoice.impl.DataxImpl              : 	 [total cpu info] => 
2020-04-21 10:51:27.136  INFO 11212 --- [http-nio-8066-exec-8] com.einvoice.impl.DataxImpl              : 		averageCpu                     | maxDeltaCpu                    | minDeltaCpu                    
2020-04-21 10:51:27.136  INFO 11212 --- [http-nio-8066-exec-8] com.einvoice.impl.DataxImpl              : 		-1.00%                         | -1.00%                         | -1.00%
2020-04-21 10:51:27.136  INFO 11212 --- [http-nio-8066-exec-8] com.einvoice.impl.DataxImpl              :                         
2020-04-21 10:51:27.136  INFO 11212 --- [http-nio-8066-exec-8] com.einvoice.impl.DataxImpl              : 
2020-04-21 10:51:27.136  INFO 11212 --- [http-nio-8066-exec-8] com.einvoice.impl.DataxImpl              : 	 [total gc info] => 
2020-04-21 10:51:27.136  INFO 11212 --- [http-nio-8066-exec-8] com.einvoice.impl.DataxImpl              : 		 NAME                 | totalGCCount       | maxDeltaGCCount    | minDeltaGCCount    | totalGCTime        | maxDeltaGCTime     | minDeltaGCTime     
2020-04-21 10:51:27.136  INFO 11212 --- [http-nio-8066-exec-8] com.einvoice.impl.DataxImpl              : 		 PS MarkSweep         | 0                  | 0                  | 0                  | 0.000s             | 0.000s             | 0.000s             
2020-04-21 10:51:27.136  INFO 11212 --- [http-nio-8066-exec-8] com.einvoice.impl.DataxImpl              : 		 PS Scavenge          | 0                  | 0                  | 0                  | 0.000s             | 0.000s             | 0.000s             
2020-04-21 10:51:27.136  INFO 11212 --- [http-nio-8066-exec-8] com.einvoice.impl.DataxImpl              : 
2020-04-21 10:51:27.136  INFO 11212 --- [http-nio-8066-exec-8] com.einvoice.impl.DataxImpl              : 2020-04-21 10:51:27.135 [job-0] INFO  JobContainer - PerfTrace not enable!
2020-04-21 10:51:27.136  INFO 11212 --- [http-nio-8066-exec-8] com.einvoice.impl.DataxImpl              : 2020-04-21 10:51:27.136 [job-0] INFO  StandAloneJobContainerCommunicator - Total 10 records, 115 bytes | Speed 11B/s, 1 records/s | Error 0 records, 0 bytes |  All Task WaitWriterTime 0.000s |  All Task WaitReaderTime 0.000s | Percentage 100.00%
2020-04-21 10:51:27.137  INFO 11212 --- [http-nio-8066-exec-8] com.einvoice.impl.DataxImpl              : 2020-04-21 10:51:27.137 [job-0] INFO  JobContainer - 
2020-04-21 10:51:27.137  INFO 11212 --- [http-nio-8066-exec-8] com.einvoice.impl.DataxImpl              : 任务启动时刻                    : 2020-04-21 10:51:16
2020-04-21 10:51:27.137  INFO 11212 --- [http-nio-8066-exec-8] com.einvoice.impl.DataxImpl              : 任务结束时刻                    : 2020-04-21 10:51:27
2020-04-21 10:51:27.137  INFO 11212 --- [http-nio-8066-exec-8] com.einvoice.impl.DataxImpl              : 任务总计耗时                    :                 11s
2020-04-21 10:51:27.137  INFO 11212 --- [http-nio-8066-exec-8] com.einvoice.impl.DataxImpl              : 任务平均流量                    :               11B/s
2020-04-21 10:51:27.137  INFO 11212 --- [http-nio-8066-exec-8] com.einvoice.impl.DataxImpl              : 记录写入速度                    :              1rec/s
2020-04-21 10:51:27.137  INFO 11212 --- [http-nio-8066-exec-8] com.einvoice.impl.DataxImpl              : 读出记录总数                    :                  10
2020-04-21 10:51:27.137  INFO 11212 --- [http-nio-8066-exec-8] com.einvoice.impl.DataxImpl              : 读写失败总数                    :                   0
2020-04-21 10:51:27.137  INFO 11212 --- [http-nio-8066-exec-8] com.einvoice.impl.DataxImpl              : 
2020-04-21 10:51:27.171  INFO 11212 --- [http-nio-8066-exec-8] com.einvoice.timing.QuartzManager        : 恢复所有任务
